\BOOKMARK [0][-]{section*.2}{\376\377\000M\000u\000n\000i\000c\000i\000p\000a\000l\000\040\000S\000o\000l\000i\000d\000\040\000W\000a\000s\000t\000e\000\040\000S\000e\000g\000r\000e\000g\000a\000t\000i\000o\000n\000:\000\040\000A\000\040\000C\000o\000m\000p\000a\000r\000a\000t\000i\000v\000e\000\040\000S\000t\000u\000d\000y\000\040\000o\000f\000\040\000F\000e\000e\000d\000-\000F\000o\000r\000w\000a\000r\000d\000\040\000a\000n\000d\000\040\000C\000o\000n\000v\000o\000l\000u\000t\000i\000o\000n\000a\000l\000\040\000N\000e\000u\000r\000a\000l\000\040\000N\000e\000t\000w\000o\000r\000k\000s}{}% 2
\BOOKMARK [1][-]{section*.1}{\376\377\000A\000b\000s\000t\000r\000a\000c\000t}{section*.2}% 1
\BOOKMARK [1][-]{section*.3}{\376\377\000I\000n\000t\000r\000o\000d\000u\000c\000t\000i\000o\000n}{section*.2}% 3
\BOOKMARK [1][-]{section*.4}{\376\377\000M\000e\000t\000h\000o\000d\000s}{section*.2}% 4
\BOOKMARK [2][-]{section*.5}{\376\377\000D\000a\000t\000a\000\040\000P\000r\000e\000p\000a\000r\000a\000t\000i\000o\000n}{section*.4}% 5
\BOOKMARK [3][-]{section*.6}{\376\377\000T\000h\000e\000\040\000R\000e\000a\000l\000W\000a\000s\000t\000e\000\040\000D\000a\000t\000a\000s\000e\000t\000\040\000a\000n\000d\000\040\000P\000r\000e\000p\000r\000o\000c\000e\000s\000s\000i\000n\000g}{section*.5}% 6
\BOOKMARK [3][-]{section*.8}{\376\377\000D\000a\000t\000a\000\040\000S\000p\000l\000i\000t\000t\000i\000n\000g\000\040\000a\000n\000d\000\040\000A\000u\000g\000m\000e\000n\000t\000a\000t\000i\000o\000n\000\040\000S\000t\000r\000a\000t\000e\000g\000y}{section*.5}% 7
\BOOKMARK [3][-]{section*.9}{\376\377\000D\000i\000m\000e\000n\000s\000i\000o\000n\000a\000l\000i\000t\000y\000\040\000R\000e\000d\000u\000c\000t\000i\000o\000n\000:\000\040\000P\000C\000A}{section*.5}% 8
\BOOKMARK [2][-]{section*.10}{\376\377\000N\000e\000u\000r\000a\000l\000\040\000N\000e\000t\000w\000o\000r\000k\000\040\000A\000r\000c\000h\000i\000t\000e\000c\000t\000u\000r\000e\000s}{section*.4}% 9
\BOOKMARK [3][-]{section*.11}{\376\377\000F\000e\000e\000d\000-\000F\000o\000r\000w\000a\000r\000d\000\040\000N\000e\000u\000r\000a\000l\000\040\000N\000e\000t\000w\000o\000r\000k\000\040\000\050\000F\000F\000N\000N\000\051}{section*.10}% 10
\BOOKMARK [3][-]{section*.12}{\376\377\000C\000o\000n\000v\000o\000l\000u\000t\000i\000o\000n\000a\000l\000\040\000N\000e\000u\000r\000a\000l\000\040\000N\000e\000t\000w\000o\000r\000k\000\040\000\050\000C\000N\000N\000\051}{section*.10}% 11
\BOOKMARK [2][-]{section*.13}{\376\377\000B\000u\000i\000l\000d\000i\000n\000g\000\040\000B\000l\000o\000c\000k\000s}{section*.4}% 12
\BOOKMARK [3][-]{section*.14}{\376\377\000C\000o\000s\000t\000\040\000F\000u\000n\000c\000t\000i\000o\000n}{section*.13}% 13
\BOOKMARK [3][-]{section*.15}{\376\377\000A\000c\000t\000i\000v\000a\000t\000i\000o\000n\000\040\000F\000u\000n\000c\000t\000i\000o\000n\000s}{section*.13}% 14
\BOOKMARK [3][-]{section*.16}{\376\377\000O\000p\000t\000i\000m\000i\000z\000a\000t\000i\000o\000n\000\040\000A\000l\000g\000o\000r\000i\000t\000h\000m\000s}{section*.13}% 15
\BOOKMARK [3][-]{section*.17}{\376\377\000E\000v\000a\000l\000u\000a\000t\000i\000o\000n\000\040\000M\000e\000t\000r\000i\000c\000s}{section*.13}% 16
\BOOKMARK [2][-]{section*.20}{\376\377\000H\000y\000p\000e\000r\000p\000a\000r\000a\000m\000e\000t\000e\000r\000\040\000O\000p\000t\000i\000m\000i\000z\000a\000t\000i\000o\000n}{section*.4}% 17
\BOOKMARK [3][-]{section*.21}{\376\377\000C\000N\000N\000\040\000S\000e\000a\000r\000c\000h\000\040\000S\000p\000a\000c\000e}{section*.20}% 18
\BOOKMARK [3][-]{section*.22}{\376\377\000F\000F\000N\000N\000\040\000S\000e\000a\000r\000c\000h\000\040\000S\000p\000a\000c\000e}{section*.20}% 19
\BOOKMARK [2][-]{section*.23}{\376\377\000I\000m\000p\000l\000e\000m\000e\000n\000t\000a\000t\000i\000o\000n\000\040\000a\000n\000d\000\040\000C\000o\000d\000e}{section*.4}% 20
\BOOKMARK [3][-]{section*.24}{\376\377\000U\000s\000e\000\040\000o\000f\000\040\000A\000I\000\040\000t\000o\000o\000l\000s}{section*.23}% 21
\BOOKMARK [1][-]{section*.25}{\376\377\000R\000e\000s\000u\000l\000t\000s\000\040\000a\000n\000d\000\040\000D\000i\000s\000c\000u\000s\000s\000i\000o\000n}{section*.2}% 22
\BOOKMARK [2][-]{section*.26}{\376\377\000D\000a\000t\000a\000s\000e\000t\000\040\000C\000h\000a\000r\000a\000c\000t\000e\000r\000i\000s\000t\000i\000c\000s\000\040\000a\000n\000d\000\040\000C\000o\000m\000p\000l\000e\000x\000i\000t\000y}{section*.25}% 23
\BOOKMARK [2][-]{section*.27}{\376\377\000F\000e\000e\000d\000-\000F\000o\000r\000w\000a\000r\000d\000\040\000N\000e\000u\000r\000a\000l\000\040\000N\000e\000t\000w\000o\000r\000k\000\040\000\050\000F\000F\000N\000N\000\051\000\040\000R\000e\000s\000u\000l\000t\000s}{section*.25}% 24
\BOOKMARK [3][-]{section*.28}{\376\377\000T\000h\000e\000\040\000F\000a\000i\000l\000u\000r\000e\000\040\000o\000f\000\040\000R\000a\000w\000\040\000P\000i\000x\000e\000l\000\040\000T\000r\000a\000i\000n\000i\000n\000g}{section*.27}% 25
\BOOKMARK [3][-]{section*.29}{\376\377\000P\000C\000A\000\040\000D\000i\000m\000e\000n\000s\000i\000o\000n\000a\000l\000i\000t\000y\000\040\000R\000e\000d\000u\000c\000t\000i\000o\000n\000\040\000\050\0009\0005\000\045\000\040\000V\000a\000r\000i\000a\000n\000c\000e\000\051}{section*.27}% 26
\BOOKMARK [3][-]{section*.30}{\376\377\000A\000n\000a\000l\000y\000s\000i\000s\000\040\000o\000n\000\040\000N\000o\000n\000-\000A\000u\000g\000m\000e\000n\000t\000e\000d\000\040\000D\000a\000t\000a}{section*.27}% 27
\BOOKMARK [3][-]{section*.31}{\376\377\000A\000n\000a\000l\000y\000s\000i\000s\000\040\000o\000f\000\040\000V\000a\000r\000i\000a\000n\000c\000e\000\040\000T\000h\000r\000e\000s\000h\000o\000l\000d\000\040\000\050\0009\0005\000\045\000\040\000v\000s\000\040\0009\0009\000\045\000\051}{section*.27}% 28
\BOOKMARK [3][-]{section*.32}{\376\377\000I\000m\000p\000a\000c\000t\000\040\000o\000f\000\040\000I\000m\000a\000g\000e\000\040\000R\000e\000s\000o\000l\000u\000t\000i\000o\000n\000\040\000\050\0002\0005\0006\000\040\0002\0005\0006\000\051}{section*.27}% 29
\BOOKMARK [3][-]{section*.33}{\376\377\000S\000p\000e\000c\000t\000r\000a\000l\000\040\000A\000n\000a\000l\000y\000s\000i\000s\000:\000\040\000R\000G\000B\000\040\000v\000s\000.\000\040\000G\000r\000a\000y\000s\000c\000a\000l\000e}{section*.27}% 30
\BOOKMARK [3][-]{section*.34}{\376\377\000Q\000u\000a\000l\000i\000t\000a\000t\000i\000v\000e\000\040\000F\000a\000i\000l\000u\000r\000e\000\040\000M\000o\000d\000e\000s}{section*.27}% 31
\BOOKMARK [2][-]{section*.35}{\376\377\000C\000o\000n\000v\000o\000l\000u\000t\000i\000o\000n\000a\000l\000\040\000N\000e\000u\000r\000a\000l\000\040\000N\000e\000t\000w\000o\000r\000k\000\040\000\050\000C\000N\000N\000\051\000\040\000R\000e\000s\000u\000l\000t\000s}{section*.25}% 32
\BOOKMARK [3][-]{section*.36}{\376\377\000I\000m\000p\000a\000c\000t\000\040\000o\000f\000\040\000D\000a\000t\000a\000\040\000A\000u\000g\000m\000e\000n\000t\000a\000t\000i\000o\000n}{section*.35}% 33
\BOOKMARK [3][-]{section*.37}{\376\377\000C\000N\000N\000\040\000S\000p\000e\000c\000t\000r\000a\000l\000\040\000A\000n\000a\000l\000y\000s\000i\000s\000\040\000\050\000R\000G\000B\000\040\000v\000s\000.\000\040\000G\000r\000a\000y\000s\000c\000a\000l\000e\000\051}{section*.35}% 34
\BOOKMARK [3][-]{section*.38}{\376\377\000R\000e\000s\000o\000l\000u\000t\000i\000o\000n\000\040\000S\000c\000a\000l\000i\000n\000g\000\040\000a\000n\000d\000\040\000S\000m\000a\000l\000l\000\040\000I\000m\000a\000g\000e\000s}{section*.35}% 35
\BOOKMARK [3][-]{section*.39}{\376\377\000Q\000u\000a\000l\000i\000t\000a\000t\000i\000v\000e\000\040\000E\000r\000r\000o\000r\000\040\000A\000n\000a\000l\000y\000s\000i\000s\000\040\000a\000n\000d\000\040\000F\000a\000i\000l\000u\000r\000e\000\040\000M\000o\000d\000e\000s}{section*.35}% 36
\BOOKMARK [2][-]{section*.40}{\376\377\000C\000o\000m\000p\000a\000r\000i\000s\000o\000n\000\040\000o\000f\000\040\000M\000e\000t\000h\000o\000d\000s}{section*.25}% 37
\BOOKMARK [1][-]{section*.41}{\376\377\000F\000u\000t\000u\000r\000e\000\040\000W\000o\000r\000k}{section*.2}% 38
\BOOKMARK [1][-]{section*.42}{\376\377\000C\000o\000n\000c\000l\000u\000s\000i\000o\000n}{section*.2}% 39
\BOOKMARK [1][-]{section*.43}{\376\377\000R\000e\000f\000e\000r\000e\000n\000c\000e\000s}{section*.2}% 40
